c:\users\sunglae\source\repos\c9\debug\vc142.pdb
c:\users\sunglae\source\repos\c9\debug\vc142.idb
c:\users\sunglae\source\repos\c9\debug\test.obj
c:\users\sunglae\source\repos\c9\debug\day06_ex05.obj
c:\users\sunglae\source\repos\c9\debug\day06_ex04.obj
c:\users\sunglae\source\repos\c9\debug\day06_ex03.obj
c:\users\sunglae\source\repos\c9\debug\day06_ex02.obj
c:\users\sunglae\source\repos\c9\debug\day06_ex01.obj
c:\users\sunglae\source\repos\c9\debug\switchtest.obj
c:\users\sunglae\source\repos\c9\debug\swichex1.obj
c:\users\sunglae\source\repos\c9\debug\ex02.obj
c:\users\sunglae\source\repos\c9\debug\ex01.obj
c:\users\sunglae\source\repos\c9\debug\scan.obj
c:\users\sunglae\source\repos\c9\debug\manyack.obj
c:\users\sunglae\source\repos\c9\debug\holsujjacsu.obj
c:\users\sunglae\source\repos\c9\debug\day02.obj
c:\users\sunglae\source\repos\c9\debug\change.obj
c:\users\sunglae\source\repos\c9\debug\day06_ex5.obj
c:\users\sunglae\source\repos\c9\debug\day06_ex4.obj
c:\users\sunglae\source\repos\c9\debug\day06_ex3.obj
c:\users\sunglae\source\repos\c9\debug\day06_ex2.obj
c:\users\sunglae\source\repos\c9\debug\day06_ex1.obj
c:\users\sunglae\source\repos\c9\debug\day05_ex2_switchtest.obj
c:\users\sunglae\source\repos\c9\debug\day05_ex1_swich.obj
c:\users\sunglae\source\repos\c9\debug\day04_ex3.obj
c:\users\sunglae\source\repos\c9\debug\day04_ex2.obj
c:\users\sunglae\source\repos\c9\debug\day04_ex1.obj
c:\users\sunglae\source\repos\c9\debug\day03_ex1_scan.obj
c:\users\sunglae\source\repos\c9\debug\day03_ex2_manyack.obj
c:\users\sunglae\source\repos\c9\debug\day03_ex3_holsujjacsu.obj
c:\users\sunglae\source\repos\c9\debug\day02_ex1.obj
c:\users\sunglae\source\repos\c9\debug\day02_ex2_change.obj
c:\users\sunglae\source\repos\c9\debug\c9.exe
c:\users\sunglae\source\repos\c9\debug\c9.ilk
c:\users\sunglae\source\repos\c9\debug\c9.pdb
c:\users\sunglae\source\repos\c9\debug\c9.res
c:\users\sunglae\source\repos\c9\debug\c9.tlog\cl.command.1.tlog
c:\users\sunglae\source\repos\c9\debug\c9.tlog\cl.read.1.tlog
c:\users\sunglae\source\repos\c9\debug\c9.tlog\cl.write.1.tlog
c:\users\sunglae\source\repos\c9\debug\c9.tlog\link.command.1.tlog
c:\users\sunglae\source\repos\c9\debug\c9.tlog\link.read.1.tlog
c:\users\sunglae\source\repos\c9\debug\c9.tlog\link.write.1.tlog
c:\users\sunglae\source\repos\c9\debug\c9.tlog\rc.command.1.tlog
c:\users\sunglae\source\repos\c9\debug\c9.tlog\rc.read.1.tlog
c:\users\sunglae\source\repos\c9\debug\c9.tlog\rc.write.1.tlog
